0:0:0:0:0:0:0:1 - - [23/Jul/2022:17:18:33 +0800] "GET /api/v1/home HTTP/1.1" 200 50
0:0:0:0:0:0:0:1 - - [23/Jul/2022:17:19:00 +0800] "GET /api/v1/index HTTP/1.1" 302 -
0:0:0:0:0:0:0:1 - - [23/Jul/2022:17:19:26 +0800] "GET /api/v1/index HTTP/1.1" 302 -
0:0:0:0:0:0:0:1 - - [23/Jul/2022:17:19:26 +0800] "GET /api/v1/home;jsessionid=LqT0fTr3RdlgtTTyXLbU5upT3csl4_Y53ryqa4o2 HTTP/1.1" 400 277
0:0:0:0:0:0:0:1 - - [23/Jul/2022:17:19:27 +0800] "GET /favicon.ico HTTP/1.1" 302 -
0:0:0:0:0:0:0:1 - - [23/Jul/2022:17:19:27 +0800] "GET /api/v1/home HTTP/1.1" 200 50
0:0:0:0:0:0:0:1 - - [23/Jul/2022:17:19:33 +0800] "GET /api/v1/home HTTP/1.1" 200 50
0:0:0:0:0:0:0:1 - - [23/Jul/2022:17:19:33 +0800] "GET /favicon.ico HTTP/1.1" 302 -
0:0:0:0:0:0:0:1 - - [23/Jul/2022:17:19:33 +0800] "GET /api/v1/home HTTP/1.1" 200 50
0:0:0:0:0:0:0:1 - - [23/Jul/2022:17:19:39 +0800] "GET /api/v1/index HTTP/1.1" 302 -
0:0:0:0:0:0:0:1 - - [23/Jul/2022:17:19:39 +0800] "GET /api/v1/home HTTP/1.1" 200 50
0:0:0:0:0:0:0:1 - - [23/Jul/2022:17:19:39 +0800] "GET /favicon.ico HTTP/1.1" 302 -
0:0:0:0:0:0:0:1 - - [23/Jul/2022:17:19:39 +0800] "GET /api/v1/home HTTP/1.1" 200 50
0:0:0:0:0:0:0:1 - - [23/Jul/2022:17:19:51 +0800] "GET /api/v1/info HTTP/1.1" 302 -
0:0:0:0:0:0:0:1 - - [23/Jul/2022:17:19:51 +0800] "GET /api/v1/home HTTP/1.1" 200 50
0:0:0:0:0:0:0:1 - - [23/Jul/2022:17:19:51 +0800] "GET /favicon.ico HTTP/1.1" 302 -
0:0:0:0:0:0:0:1 - - [23/Jul/2022:17:19:51 +0800] "GET /api/v1/home HTTP/1.1" 200 50
0:0:0:0:0:0:0:1 - - [23/Jul/2022:17:19:58 +0800] "GET /api/v1/info HTTP/1.1" 302 -
0:0:0:0:0:0:0:1 - - [23/Jul/2022:17:19:58 +0800] "GET /api/v1/home HTTP/1.1" 200 50
0:0:0:0:0:0:0:1 - - [23/Jul/2022:17:19:58 +0800] "GET /favicon.ico HTTP/1.1" 302 -
0:0:0:0:0:0:0:1 - - [23/Jul/2022:17:19:58 +0800] "GET /api/v1/home HTTP/1.1" 200 50
0:0:0:0:0:0:0:1 - - [23/Jul/2022:17:20:28 +0800] "GET /api/v1/info HTTP/1.1" 302 -
0:0:0:0:0:0:0:1 - - [23/Jul/2022:17:21:08 +0800] "GET /api/v1/user/login HTTP/1.1" 302 -
0:0:0:0:0:0:0:1 - - [23/Jul/2022:17:23:16 +0800] "POST /api/v1/login?id=wangyulong&pwd=hello HTTP/1.1" 404 101
0:0:0:0:0:0:0:1 - - [23/Jul/2022:17:23:51 +0800] "POST /api/v1/login?id=wangyulong@info.com&pwd=hello HTTP/1.1" 404 101
0:0:0:0:0:0:0:1 - - [23/Jul/2022:17:26:40 +0800] "POST /api/v1/user/login?id=wangyulong@info.com&pwd=hello HTTP/1.1" 500 118
0:0:0:0:0:0:0:1 - - [23/Jul/2022:17:29:50 +0800] "POST /api/v1/user/login?id=wangyulong@info.com&pwd=hello HTTP/1.1" 200 16
0:0:0:0:0:0:0:1 - - [23/Jul/2022:17:30:11 +0800] "GET /api/v1/index HTTP/1.1" 302 -
0:0:0:0:0:0:0:1 - - [23/Jul/2022:17:31:50 +0800] "POST /api/v1/user/login?id=wangyulong@info.com&pwd=hello HTTP/1.1" 200 16
0:0:0:0:0:0:0:1 - - [23/Jul/2022:17:32:03 +0800] "GET /api/v1/index HTTP/1.1" 302 -
0:0:0:0:0:0:0:1 - - [23/Jul/2022:17:32:28 +0800] "GET /api/v1/info HTTP/1.1" 302 -
0:0:0:0:0:0:0:1 - - [23/Jul/2022:17:32:28 +0800] "GET /api/v1/home HTTP/1.1" 200 50
0:0:0:0:0:0:0:1 - - [23/Jul/2022:17:32:28 +0800] "GET /favicon.ico HTTP/1.1" 302 -
0:0:0:0:0:0:0:1 - - [23/Jul/2022:17:32:28 +0800] "GET /api/v1/home HTTP/1.1" 200 50
0:0:0:0:0:0:0:1 - - [23/Jul/2022:17:33:23 +0800] "GET /api/v1/info HTTP/1.1" 302 -
0:0:0:0:0:0:0:1 - - [23/Jul/2022:17:33:23 +0800] "GET /api/v1/home HTTP/1.1" 200 50
0:0:0:0:0:0:0:1 - - [23/Jul/2022:17:33:23 +0800] "GET /favicon.ico HTTP/1.1" 302 -
0:0:0:0:0:0:0:1 - - [23/Jul/2022:17:33:23 +0800] "GET /api/v1/home HTTP/1.1" 200 50
0:0:0:0:0:0:0:1 - - [23/Jul/2022:17:44:11 +0800] "GET /api/v1/index HTTP/1.1" 302 -
0:0:0:0:0:0:0:1 - - [23/Jul/2022:17:44:32 +0800] "POST /api/v1/user/login?id=wangyulong@gmail.com&pwd=wangyulong HTTP/1.1" 200 16
0:0:0:0:0:0:0:1 - - [23/Jul/2022:17:58:08 +0800] "POST /api/v1/user/login?id=wangyulong@gmail.com&pwd=wangyulong HTTP/1.1" 400 36
0:0:0:0:0:0:0:1 - - [23/Jul/2022:18:00:09 +0800] "POST /api/v1/user/login?id=wangyulong@gmail.com&pwd=wangyulong HTTP/1.1" 200 16
0:0:0:0:0:0:0:1 - - [23/Jul/2022:18:00:45 +0800] "POST /api/v1/user/login?id=wangyulong@gmail.com&pwd=wangyulong HTTP/1.1" 200 16
0:0:0:0:0:0:0:1 - - [23/Jul/2022:18:09:40 +0800] "POST /api/v1/user/login?id=wangyulong@gmail.com&pwd=wangyulong HTTP/1.1" 400 18
0:0:0:0:0:0:0:1 - - [23/Jul/2022:18:10:19 +0800] "POST /api/v1/user/login?id=wangyulong@gmail.com&pwd=wangyulong HTTP/1.1" 400 18
0:0:0:0:0:0:0:1 - - [23/Jul/2022:18:12:30 +0800] "POST /api/v1/user/login?id=wangyulong@gmail.com&pwd=wangyulong HTTP/1.1" 200 16
0:0:0:0:0:0:0:1 - - [23/Jul/2022:18:13:27 +0800] "GET /api/v1/index HTTP/1.1" 302 -
0:0:0:0:0:0:0:1 - - [23/Jul/2022:18:13:39 +0800] "GET /api/v1/index;JSESSIONID=Dgz8h5szcWQ6Fy1F47VPDv5FVzd3vBdUWta07JoG HTTP/1.1" 400 155
0:0:0:0:0:0:0:1 - - [23/Jul/2022:18:13:55 +0800] "GET /api/v1/index HTTP/1.1" 302 -
0:0:0:0:0:0:0:1 - - [23/Jul/2022:18:20:43 +0800] "GET /api/v1/user/login?id=wangyulong@gmail.com&pwd=wangyulong HTTP/1.1" 422 18
0:0:0:0:0:0:0:1 - - [23/Jul/2022:18:21:10 +0800] "POST /api/v1/user/login?id=wangyulong@gmail.com&pwd=wangyulong HTTP/1.1" 200 16
0:0:0:0:0:0:0:1 - - [23/Jul/2022:18:22:00 +0800] "GET /api/v1/info HTTP/1.1" 302 -
0:0:0:0:0:0:0:1 - - [23/Jul/2022:18:22:13 +0800] "GET /api/v1/home HTTP/1.1" 200 50
0:0:0:0:0:0:0:1 - - [23/Jul/2022:18:22:25 +0800] "POST /api/v1/user/login?id=wangyulong@gmail.com&pwd=wangyulong HTTP/1.1" 200 16
0:0:0:0:0:0:0:1 - - [23/Jul/2022:18:23:15 +0800] "POST /api/v1/user/logout HTTP/1.1" 302 -
0:0:0:0:0:0:0:1 - - [23/Jul/2022:18:23:53 +0800] "GET /api/v1/info HTTP/1.1" 302 -
0:0:0:0:0:0:0:1 - - [23/Jul/2022:18:23:53 +0800] "GET /api/v1/home HTTP/1.1" 200 50
0:0:0:0:0:0:0:1 - - [23/Jul/2022:18:23:53 +0800] "GET /favicon.ico HTTP/1.1" 302 -
0:0:0:0:0:0:0:1 - - [23/Jul/2022:18:23:53 +0800] "GET /api/v1/home HTTP/1.1" 200 50
0:0:0:0:0:0:0:1 - - [23/Jul/2022:18:24:15 +0800] "GET /api/v1/user/login?id=wangyulong@gmail.com&pwd=wangyulong HTTP/1.1" 422 18
0:0:0:0:0:0:0:1 - - [23/Jul/2022:18:24:15 +0800] "GET /favicon.ico HTTP/1.1" 302 -
0:0:0:0:0:0:0:1 - - [23/Jul/2022:18:24:15 +0800] "GET /api/v1/home HTTP/1.1" 200 50
